<?xml version="1.0" encoding="UTF-8"?>
<testsuite xmlns:xsi="http://www.w3.org/2001/XMLSchema-instance" xsi:noNamespaceSchemaLocation="https://maven.apache.org/surefire/maven-surefire-plugin/xsd/surefire-test-report-3.0.xsd" version="3.0" name="ar.edu.utn.frc.tup.lciii.ApplicationTests" time="8.785" tests="1" errors="0" skipped="0" failures="0">
  <properties>
[...]
</properties>
  <testcase name="contextLoads" classname="ar.edu.utn.frc.tup.lciii.ApplicationTests" time="0.732">
    <system-out><![CDATA[22:23:26.443 [main] INFO org.springframework.test.context.support.AnnotationConfigContextLoaderUtils -- Could not detect default configuration classes for test class [ar.edu.utn.frc.tup.lciii.ApplicationTests]: ApplicationTests does not declare any static, non-private, non-final, nested classes annotated with @Configuration.
22:23:26.605 [main] INFO org.springframework.boot.test.context.SpringBootTestContextBootstrapper -- Found @SpringBootConfiguration ar.edu.utn.frc.tup.lciii.Application for test class ar.edu.utn.frc.tup.lciii.ApplicationTests

  .   ____          _            __ _ _
 /\\ / ___'_ __ _ _(_)_ __  __ _ \ \ \ \
( ( )\___ | '_ | '_| | '_ \/ _` | \ \ \ \
 \\/  ___)| |_)| | | | | || (_| |  ) ) ) )
  '  |____| .__|_| |_|_| |_\__, | / / / /
 =========|_|==============|___/=/_/_/_/
 :: Spring Boot ::                (v3.1.0)

2024-10-01T22:23:27.180-03:00  INFO 8680 --- [           main] a.e.utn.frc.tup.lciii.ApplicationTests   : Starting ApplicationTests using Java 17.0.10 with PID 8680 (started by mateo in C:\Users\mateo\OneDrive\Documentos\GitHub\Pt1-LCIV\modelo-finall-lciv-api-loteria-404947-Gallo-Mateo)
2024-10-01T22:23:27.183-03:00  INFO 8680 --- [           main] a.e.utn.frc.tup.lciii.ApplicationTests   : No active profile set, falling back to 1 default profile: "default"
2024-10-01T22:23:28.657-03:00  INFO 8680 --- [           main] .s.d.r.c.RepositoryConfigurationDelegate : Bootstrapping Spring Data JPA repositories in DEFAULT mode.
2024-10-01T22:23:28.769-03:00  INFO 8680 --- [           main] .s.d.r.c.RepositoryConfigurationDelegate : Finished Spring Data repository scanning in 100 ms. Found 3 JPA repository interfaces.
2024-10-01T22:23:29.428-03:00  INFO 8680 --- [           main] com.zaxxer.hikari.HikariDataSource       : HikariPool-1 - Starting...
2024-10-01T22:23:29.743-03:00  INFO 8680 --- [           main] com.zaxxer.hikari.pool.HikariPool        : HikariPool-1 - Added connection conn0: url=jdbc:h2:mem:test user=SA
2024-10-01T22:23:29.746-03:00  INFO 8680 --- [           main] com.zaxxer.hikari.HikariDataSource       : HikariPool-1 - Start completed.
2024-10-01T22:23:29.879-03:00  INFO 8680 --- [           main] o.hibernate.jpa.internal.util.LogHelper  : HHH000204: Processing PersistenceUnitInfo [name: default]
2024-10-01T22:23:29.977-03:00  INFO 8680 --- [           main] org.hibernate.Version                    : HHH000412: Hibernate ORM core version 6.2.2.Final
2024-10-01T22:23:29.980-03:00  INFO 8680 --- [           main] org.hibernate.cfg.Environment            : HHH000406: Using bytecode reflection optimizer
2024-10-01T22:23:30.355-03:00  INFO 8680 --- [           main] o.h.b.i.BytecodeProviderInitiator        : HHH000021: Bytecode provider name : bytebuddy
2024-10-01T22:23:30.581-03:00  INFO 8680 --- [           main] o.s.o.j.p.SpringPersistenceUnitInfo      : No LoadTimeWeaver setup: ignoring JPA class transformer
2024-10-01T22:23:30.629-03:00  INFO 8680 --- [           main] org.hibernate.orm.dialect                : HHH035001: Using dialect: org.hibernate.dialect.H2Dialect, version: 2.1.214
2024-10-01T22:23:31.234-03:00  INFO 8680 --- [           main] o.h.b.i.BytecodeProviderInitiator        : HHH000021: Bytecode provider name : bytebuddy
2024-10-01T22:23:32.108-03:00  INFO 8680 --- [           main] o.h.e.t.j.p.i.JtaPlatformInitiator       : HHH000490: Using JtaPlatform implementation: [org.hibernate.engine.transaction.jta.platform.internal.NoJtaPlatform]
Hibernate: drop table if exists apuestas cascade 
Hibernate: drop table if exists info_apuestas cascade 
Hibernate: drop table if exists sorteos cascade 
Hibernate: create table apuestas (fecha_sorteo date, id_apuesta integer generated by default as identity, id_sorteo integer, monto_apostado float(53), premio float(53), id_cliente varchar(255), numero varchar(255), resultado varchar(255), primary key (id_apuesta))
Hibernate: create table info_apuestas (id_sorteo integer not null, total_de_apuestas float(53), total_en_reserva float(53), total_pagado float(53), fecha_sorteo varchar(255), primary key (id_sorteo))
Hibernate: create table sorteos (id_sorteo integer not null, total_de_apuestas float(53), total_en_reserva float(53), total_pagado float(53), fecha_sorteo varchar(255), primary key (id_sorteo))
2024-10-01T22:23:32.155-03:00  INFO 8680 --- [           main] o.h.t.s.i.e.GenerationTargetToDatabase   : HHH000476: Executing script '[injected ScriptSourceInputNonExistentImpl script]'
2024-10-01T22:23:32.158-03:00  INFO 8680 --- [           main] j.LocalContainerEntityManagerFactoryBean : Initialized JPA EntityManagerFactory for persistence unit 'default'
2024-10-01T22:23:33.196-03:00  WARN 8680 --- [           main] JpaBaseConfiguration$JpaWebConfiguration : spring.jpa.open-in-view is enabled by default. Therefore, database queries may be performed during view rendering. Explicitly configure spring.jpa.open-in-view to disable this warning
2024-10-01T22:23:34.287-03:00  INFO 8680 --- [           main] a.e.utn.frc.tup.lciii.ApplicationTests   : Started ApplicationTests in 7.463 seconds (process running for 8.914)
]]></system-out>
  </testcase>
</testsuite>